g:\to the top\to the top\debug\imain.obj
g:\to the top\to the top\debug\vc100.pdb
h:\to the top\to the top\debug\imain.obj
h:\to the top\to the top\debug\vc100.pdb
g:\to the top\debug\to the top.ilk
g:\to the top\debug\to the top.exe
g:\to the top\to the top\debug\to the top.exe.intermediate.manifest
g:\to the top\debug\to the top.pdb
h:\to the top\debug\to the top.ilk
h:\to the top\debug\to the top.exe
h:\to the top\to the top\debug\to the top.exe.intermediate.manifest
h:\to the top\debug\to the top.pdb
c:\users\u\desktop\to the top\to the top\debug\vc120.pdb
c:\users\u\desktop\to the top\to the top\debug\vc120.idb
c:\users\u\desktop\to the top\to the top\debug\imain.obj
c:\users\u\desktop\to the top\to the top\debug\to the top.vcxprojresolveassemblyreference.cache
c:\users\u\desktop\to the top\to the top\debug\cl.command.1.tlog
c:\users\u\desktop\to the top\to the top\debug\cl.read.1.tlog
c:\users\u\desktop\to the top\to the top\debug\cl.write.1.tlog
c:\users\u\desktop\to the top\to the top\debug\link.command.1.tlog
c:\users\u\desktop\to the top\to the top\debug\link.read.1.tlog
c:\users\u\desktop\to the top\to the top\debug\link.write.1.tlog
c:\users\u\desktop\to the top\to the top\debug\mt.command.1.tlog
c:\users\u\desktop\to the top\to the top\debug\mt.read.1.tlog
c:\users\u\desktop\to the top\to the top\debug\mt.write.1.tlog
c:\users\u\desktop\to the top\to the top\debug\to the top.write.1.tlog
c:\users\u\desktop\to the top\to the top\debug\to the top.exe.intermediate.manifest
c:\users\u\desktop\to the top\to the top\debug\vc100.idb
c:\users\u\desktop\to the top\to the top\debug\vc100.pdb
c:\users\u\desktop\to the top\debug\to the top.pdb
c:\users\u\desktop\to the top\to the top\debug\to the top.tlog\cl.command.1.tlog
c:\users\u\desktop\to the top\to the top\debug\to the top.tlog\cl.read.1.tlog
c:\users\u\desktop\to the top\to the top\debug\to the top.tlog\cl.write.1.tlog
c:\users\u\desktop\to the top\to the top\debug\to the top.tlog\link-cvtres.read.1.tlog
c:\users\u\desktop\to the top\to the top\debug\to the top.tlog\link-cvtres.write.1.tlog
c:\users\u\desktop\to the top\to the top\debug\to the top.tlog\link-rc.read.1.tlog
c:\users\u\desktop\to the top\to the top\debug\to the top.tlog\link-rc.write.1.tlog
c:\users\u\desktop\to the top\to the top\debug\to the top.tlog\link.command.1.tlog
c:\users\u\desktop\to the top\to the top\debug\to the top.tlog\link.read.1.tlog
c:\users\u\desktop\to the top\to the top\debug\to the top.tlog\link.write.1.tlog
